{
  "RSpec": {
    "coverage": {
      "/home/pupirev/RubymineProjects/library_mongo/spec/support/database_cleaner.rb": [
        1,
        1,
        1,
        null,
        null
      ],
      "/home/pupirev/RubymineProjects/library_mongo/spec/support/request_spec_helper.rb": [
        null,
        1,
        1,
        1,
        0,
        0,
        null,
        null,
        1,
        0,
        null,
        null,
        1,
        0,
        null,
        null,
        1,
        null,
        1,
        0,
        null,
        null
      ],
      "/home/pupirev/RubymineProjects/library_mongo/spec/features/delete_book_spec.rb": [
        1,
        1,
        2,
        1,
        1,
        1,
        1,
        1,
        1,
        1,
        1,
        1,
        1,
        null,
        1,
        1,
        1,
        1,
        1,
        1,
        1,
        1,
        null,
        null
      ],
      "/home/pupirev/RubymineProjects/library_mongo/spec/features/edit_book_spec.rb": [
        1,
        1,
        2,
        1,
        1,
        1,
        1,
        1,
        1,
        1,
        1,
        1,
        1,
        null,
        1,
        1,
        1,
        1,
        1,
        1,
        1,
        1,
        1,
        1,
        1,
        1,
        null,
        null
      ],
      "/home/pupirev/RubymineProjects/library_mongo/spec/features/sign_in_spec.rb": [
        1,
        1,
        2,
        1,
        1,
        1,
        1,
        1,
        1,
        null,
        null
      ],
      "/home/pupirev/RubymineProjects/library_mongo/spec/features/sign_up_spec.rb": [
        1,
        1,
        1,
        1,
        1,
        1,
        1,
        1,
        1,
        1,
        1,
        null,
        null,
        null
      ],
      "/home/pupirev/RubymineProjects/library_mongo/app/controllers/application_controller.rb": [
        null,
        1,
        1,
        1,
        null
      ],
      "/home/pupirev/RubymineProjects/library_mongo/app/models/book.rb": [
        null,
        1,
        1,
        1,
        1,
        1,
        null,
        1,
        1,
        null,
        1,
        1,
        1,
        1,
        1,
        1,
        1,
        1,
        null,
        1,
        1,
        1,
        1,
        null,
        null,
        null,
        1,
        1,
        1,
        1,
        null
      ],
      "/home/pupirev/RubymineProjects/library_mongo/app/models/history.rb": [
        null,
        1,
        1,
        1,
        1,
        1,
        1,
        1,
        null
      ],
      "/home/pupirev/RubymineProjects/library_mongo/app/models/like.rb": [
        null,
        1,
        1,
        1,
        1,
        1,
        null,
        null
      ],
      "/home/pupirev/RubymineProjects/library_mongo/app/models/comment.rb": [
        null,
        1,
        1,
        1,
        1,
        1,
        1,
        null
      ],
      "/home/pupirev/RubymineProjects/library_mongo/app/controllers/books_controller.rb": [
        1,
        1,
        1,
        1,
        1,
        null,
        1,
        6,
        null,
        null,
        1,
        4,
        4,
        4,
        4,
        null,
        null,
        null,
        1,
        3,
        null,
        null,
        1,
        null,
        null,
        1,
        3,
        3,
        null,
        null,
        1,
        1,
        1,
        null,
        null,
        1,
        1,
        1,
        null,
        null,
        1,
        null,
        1,
        6,
        null,
        null,
        1,
        1,
        0,
        1,
        1,
        1,
        null,
        null,
        null,
        1,
        7,
        null,
        null,
        1,
        6,
        null,
        null
      ],
      "/home/pupirev/RubymineProjects/library_mongo/app/models/rate.rb": [
        null,
        1,
        1,
        1,
        1,
        1,
        1,
        null
      ],
      "/home/pupirev/RubymineProjects/library_mongo/app/models/rating_cache.rb": [
        null,
        1,
        1,
        1,
        1,
        1,
        1,
        null
      ]
    },
    "timestamp": 1514987249
  }
}
