{
  "RSpec": {
    "coverage": {
      "/home/pupirev/RubymineProjects/library_mongo/spec/support/database_cleaner.rb": [
        1,
        1,
        1,
        null,
        null
      ],
      "/home/pupirev/RubymineProjects/library_mongo/spec/support/request_spec_helper.rb": [
        null,
        1,
        1,
        1,
        0,
        0,
        null,
        null,
        1,
        0,
        null,
        null,
        1,
        0,
        null,
        null,
        1,
        null,
        1,
        0,
        null,
        null
      ],
      "/home/pupirev/RubymineProjects/library_mongo/app/controllers/books_controller.rb": [
        1,
        1,
        1,
        1,
        null,
        null,
        1,
        0,
        null,
        null,
        1,
        0,
        0,
        0,
        null,
        null,
        1,
        0,
        0,
        0,
        null,
        null,
        1,
        0,
        0,
        0,
        0,
        0,
        0,
        0,
        0,
        null,
        null,
        null,
        0,
        0,
        0,
        0,
        null,
        null,
        null,
        1,
        0,
        0,
        0,
        0,
        0,
        0,
        0,
        0,
        0,
        null,
        null,
        null,
        1,
        1,
        1,
        null,
        null,
        1,
        0,
        0,
        0,
        null,
        null,
        1,
        null,
        1,
        0,
        null,
        null,
        1,
        1,
        null,
        null
      ],
      "/home/pupirev/RubymineProjects/library_mongo/app/controllers/application_controller.rb": [
        null,
        1,
        1,
        1,
        null
      ],
      "/home/pupirev/RubymineProjects/library_mongo/app/models/book.rb": [
        null,
        1,
        1,
        1,
        1,
        1,
        1,
        1,
        1,
        1,
        1,
        1,
        1,
        1,
        1,
        1,
        1,
        1,
        1,
        1,
        1,
        1,
        1,
        null
      ],
      "/home/pupirev/RubymineProjects/library_mongo/app/uploaders/img_uploader.rb": [
        null,
        1,
        null,
        null,
        null,
        null,
        null,
        null,
        1,
        null,
        null,
        null,
        null,
        1,
        0,
        null,
        null,
        null,
        null,
        null,
        null,
        null,
        null,
        null,
        null,
        null,
        null,
        null,
        null,
        null,
        null,
        null,
        null,
        null,
        null,
        null,
        null,
        null,
        null,
        null,
        null,
        null,
        null,
        null,
        null,
        null,
        null,
        null,
        null,
        null
      ],
      "/home/pupirev/RubymineProjects/library_mongo/app/models/history.rb": [
        null,
        1,
        1,
        1,
        1,
        1,
        1,
        null
      ],
      "/home/pupirev/RubymineProjects/library_mongo/app/models/like.rb": [
        null,
        1,
        1,
        1,
        1,
        1,
        null
      ],
      "/home/pupirev/RubymineProjects/library_mongo/app/models/comment.rb": [
        null,
        1,
        1,
        1,
        1,
        1,
        1,
        null
      ]
    },
    "timestamp": 1514387126
  }
}
